<?xml version="1.0" encoding="UTF-8"?>
<!-- Generated by org.testng.reporters.JUnitReportReporter -->
<testsuite skipped="0" hostname="ATW-7005" name="com.altius.automation.Allocationforremoval" tests="2" failures="0" timestamp="15 Mar 2019 11:44:41 GMT" time="61.221" errors="0">
  <testcase name="trnsferallocation" time="11.854" classname="com.altius.automation.Allocationforremoval"/>
  <testcase name="transferforallocation" time="49.367" classname="com.altius.automation.Allocationforremoval"/>
</testsuite> <!-- com.altius.automation.Allocationforremoval -->
