<?xml version="1.0" encoding="UTF-8"?>
<!-- Generated by org.testng.reporters.JUnitReportReporter -->
<testsuite skipped="0" hostname="ATW-7005" name="com.altius.automation.Suggestforremoval" tests="2" failures="0" timestamp="15 Mar 2019 11:20:26 GMT" time="110.257" errors="0">
  <testcase name="editauctionhover" time="25.505" classname="com.altius.automation.Suggestforremoval"/>
  <testcase name="suggestforremoval" time="84.752" classname="com.altius.automation.Suggestforremoval"/>
</testsuite> <!-- com.altius.automation.Suggestforremoval -->
