<?xml version="1.0" encoding="UTF-8"?>
<!-- Generated by org.testng.reporters.JUnitReportReporter -->
<testsuite skipped="0" hostname="ATW-7005" name="com.altius.automation.Filingvoucher" tests="2" failures="0" timestamp="08 Mar 2019 09:41:53 GMT" time="62.606" errors="0">
  <testcase name="paymenthover" time="10.920" classname="com.altius.automation.Filingvoucher"/>
  <testcase name="Filingfees" time="51.686" classname="com.altius.automation.Filingvoucher"/>
</testsuite> <!-- com.altius.automation.Filingvoucher -->
