<?xml version="1.0" encoding="UTF-8"?>
<!-- Generated by org.testng.reporters.JUnitReportReporter -->
<testsuite skipped="0" hostname="ATW-7005" name="com.altius.automation.Editemployee" tests="4" failures="0" timestamp="27 Feb 2019 09:28:35 GMT" time="50.813" errors="0">
  <testcase name="editemployee" time="11.901" classname="com.altius.automation.Editemployee"/>
  <testcase name="employeesearch" time="5.422" classname="com.altius.automation.Editemployee"/>
  <testcase name="employeeupdate" time="23.776" classname="com.altius.automation.Editemployee"/>
  <testcase name="employeedel" time="9.714" classname="com.altius.automation.Editemployee"/>
</testsuite> <!-- com.altius.automation.Editemployee -->
