<?xml version="1.0" encoding="UTF-8"?>
<!-- Generated by org.testng.reporters.JUnitReportReporter -->
<testsuite skipped="0" hostname="ATW-7005" name="com.altius.automation.Approvalforremoval" tests="2" failures="0" timestamp="15 Mar 2019 11:27:43 GMT" time="42.753" errors="0">
  <testcase name="editauctionhover" time="12.668" classname="com.altius.automation.Approvalforremoval"/>
  <testcase name="suggestforapproval" time="30.085" classname="com.altius.automation.Approvalforremoval"/>
</testsuite> <!-- com.altius.automation.Approvalforremoval -->
