<?xml version="1.0" encoding="UTF-8"?>
<!-- Generated by org.testng.reporters.JUnitReportReporter -->
<testsuite skipped="0" hostname="ATW-7005" name="com.altius.automation.Depositvoucher" tests="2" failures="0" timestamp="08 Mar 2019 12:41:11 GMT" time="77.542" errors="0">
  <testcase name="paymenthover" time="9.502" classname="com.altius.automation.Depositvoucher"/>
  <testcase name="depositvoucher" time="68.040" classname="com.altius.automation.Depositvoucher"/>
</testsuite> <!-- com.altius.automation.Depositvoucher -->
