<?xml version="1.0" encoding="UTF-8"?>
<!-- Generated by org.testng.reporters.JUnitReportReporter -->
<testsuite skipped="0" hostname="ATW-7005" name="com.altius.automation.Browserlaunching" tests="1" failures="0" timestamp="09 Jan 2019 10:38:29 GMT" time="0.022" errors="0">
  <testcase name="test" time="0.022" classname="com.altius.automation.Browserlaunching"/>
</testsuite> <!-- com.altius.automation.Browserlaunching -->
