<?xml version="1.0" encoding="UTF-8"?>
<!-- Generated by org.testng.reporters.JUnitReportReporter -->
<testsuite skipped="0" hostname="ATW-7005" name="com.altius.automation.Undopayment" tests="1" failures="0" timestamp="07 Mar 2019 13:29:04 GMT" time="44.079" errors="0">
  <testcase name="paymenthover" time="44.079" classname="com.altius.automation.Undopayment"/>
</testsuite> <!-- com.altius.automation.Undopayment -->
