<?xml version="1.0" encoding="UTF-8"?>
<!-- Generated by org.testng.reporters.JUnitReportReporter -->
<testsuite skipped="0" hostname="ATW-7005" name="com.altius.automation.Salaryvoucher" tests="2" failures="0" timestamp="09 Mar 2019 11:18:14 GMT" time="170.873" errors="0">
  <testcase name="vocherhover" time="20.049" classname="com.altius.automation.Salaryvoucher"/>
  <testcase name="salaryvoucher" time="150.824" classname="com.altius.automation.Salaryvoucher"/>
</testsuite> <!-- com.altius.automation.Salaryvoucher -->
