<?xml version="1.0" encoding="UTF-8"?>
<!-- Generated by org.testng.reporters.JUnitReportReporter -->
<testsuite skipped="0" hostname="ATW-7005" name="com.altius.automation.Decreedebtors" tests="2" failures="0" timestamp="13 Mar 2019 08:57:23 GMT" time="53.441" errors="0">
  <testcase name="paymenthover" time="6.814" classname="com.altius.automation.Decreedebtors"/>
  <testcase name="loan" time="46.627" classname="com.altius.automation.Decreedebtors"/>
</testsuite> <!-- com.altius.automation.Decreedebtors -->
