<?xml version="1.0" encoding="UTF-8"?>
<!-- Generated by org.testng.reporters.JUnitReportReporter -->
<testsuite skipped="0" hostname="ATW-7005" name="com.altius.automation.Foremansubstituedpayment" tests="2" failures="0" timestamp="07 Mar 2019 12:30:22 GMT" time="60.182" errors="0">
  <testcase name="paymenthover" time="8.368" classname="com.altius.automation.Foremansubstituedpayment"/>
  <testcase name="payment" time="51.814" classname="com.altius.automation.Foremansubstituedpayment"/>
</testsuite> <!-- com.altius.automation.Foremansubstituedpayment -->
