<?xml version="1.0" encoding="UTF-8"?>
<!-- Generated by org.testng.reporters.JUnitReportReporter -->
<testsuite skipped="0" hostname="ATW-7005" name="com.altius.automation.Decreeandcoutcostdebit" tests="2" failures="0" timestamp="08 Mar 2019 13:42:18 GMT" time="79.110" errors="0">
  <testcase name="paymenthover" time="24.886" classname="com.altius.automation.Decreeandcoutcostdebit"/>
  <testcase name="decreecostdebit" time="54.224" classname="com.altius.automation.Decreeandcoutcostdebit"/>
</testsuite> <!-- com.altius.automation.Decreeandcoutcostdebit -->
