<?xml version="1.0" encoding="UTF-8"?>
<!-- Generated by org.testng.reporters.JUnitReportReporter -->
<testsuite skipped="0" hostname="ATW-7005" name="com.altius.automation.Collectoraddition" tests="6" failures="0" timestamp="28 Feb 2019 04:51:44 GMT" time="61.985" errors="0">
  <testcase name="branchname" time="0.411" classname="com.altius.automation.Collectoraddition"/>
  <testcase name="OnlyCorrectUNPW" time="20.446" classname="com.altius.automation.Collectoraddition"/>
  <testcase name="mousehvering" time="10.734" classname="com.altius.automation.Collectoraddition"/>
  <testcase name="fieldvalidation" time="4.486" classname="com.altius.automation.Collectoraddition"/>
  <testcase name="collectoraddition" time="10.878" classname="com.altius.automation.Collectoraddition"/>
  <testcase name="collectorduplicate" time="15.030" classname="com.altius.automation.Collectoraddition"/>
</testsuite> <!-- com.altius.automation.Collectoraddition -->
