<?xml version="1.0" encoding="UTF-8"?>
<!-- Generated by org.testng.reporters.JUnitReportReporter -->
<testsuite skipped="0" hostname="ATW-7005" name="com.altius.automation.Employeeaddition" tests="5" failures="0" timestamp="27 Feb 2019 10:02:46 GMT" time="258.535" errors="0">
  <testcase name="branchname" time="0.364" classname="com.altius.automation.Employeeaddition"/>
  <testcase name="OnlyCorrectUNPW" time="21.942" classname="com.altius.automation.Employeeaddition"/>
  <testcase name="employeeaddition" time="14.175" classname="com.altius.automation.Employeeaddition"/>
  <testcase name="fieldvalidation" time="61.175" classname="com.altius.automation.Employeeaddition"/>
  <testcase name="emplyeededit" time="160.879" classname="com.altius.automation.Employeeaddition"/>
</testsuite> <!-- com.altius.automation.Employeeaddition -->
