<?xml version="1.0" encoding="UTF-8"?>
<!-- Generated by org.testng.reporters.JUnitReportReporter -->
<testsuite skipped="0" hostname="ATW-7005" name="com.altius.automation.Cashchequeadvisevoucher" tests="2" failures="0" timestamp="09 Mar 2019 06:30:11 GMT" time="111.768" errors="0">
  <testcase name="paymenthover" time="20.877" classname="com.altius.automation.Cashchequeadvisevoucher"/>
  <testcase name="cashchequeadvisorvoucher" time="90.891" classname="com.altius.automation.Cashchequeadvisevoucher"/>
</testsuite> <!-- com.altius.automation.Cashchequeadvisevoucher -->
