<?xml version="1.0" encoding="UTF-8"?>
<!-- Generated by org.testng.reporters.JUnitReportReporter -->
<testsuite skipped="0" hostname="ATW-7005" name="com.altius.automation.Approvalfortransfer" tests="2" failures="0" timestamp="15 Mar 2019 09:22:09 GMT" time="37.520" errors="0">
  <testcase name="trnsferapproval" time="11.624" classname="com.altius.automation.Approvalfortransfer"/>
  <testcase name="suggestforapproval" time="25.896" classname="com.altius.automation.Approvalfortransfer"/>
</testsuite> <!-- com.altius.automation.Approvalfortransfer -->
