<?xml version="1.0" encoding="UTF-8"?>
<!-- Generated by org.testng.reporters.JUnitReportReporter -->
<testsuite skipped="0" hostname="ATW-7005" name="com.altius.automation.Advances" tests="2" failures="0" timestamp="13 Mar 2019 06:39:12 GMT" time="62.113" errors="0">
  <testcase name="paymenthover" time="6.555" classname="com.altius.automation.Advances"/>
  <testcase name="loan" time="55.558" classname="com.altius.automation.Advances"/>
</testsuite> <!-- com.altius.automation.Advances -->
