<?xml version="1.0" encoding="UTF-8"?>
<!-- Generated by org.testng.reporters.JUnitReportReporter -->
<testsuite skipped="0" hostname="ATW-7005" name="com.altius.automation.Accuredvoucher" tests="2" failures="0" timestamp="12 Mar 2019 12:39:59 GMT" time="95.168" errors="0">
  <testcase name="vocherhover" time="22.051" classname="com.altius.automation.Accuredvoucher"/>
  <testcase name="accuredvoucher" time="73.117" classname="com.altius.automation.Accuredvoucher"/>
</testsuite> <!-- com.altius.automation.Accuredvoucher -->
