<?xml version="1.0" encoding="UTF-8"?>
<!-- Generated by org.testng.reporters.JUnitReportReporter -->
<testsuite skipped="0" hostname="ATW-7005" name="com.altius.automation.CashReceiptOtherBranch" tests="3" failures="0" timestamp="07 Mar 2019 09:08:19 GMT" time="66.938" errors="0">
  <testcase name="Transactionshover" time="17.362" classname="com.altius.automation.CashReceiptOtherBranch"/>
  <testcase name="CRRinsert" time="15.386" classname="com.altius.automation.CashReceiptOtherBranch"/>
  <testcase name="transactions" time="34.190" classname="com.altius.automation.CashReceiptOtherBranch"/>
</testsuite> <!-- com.altius.automation.CashReceiptOtherBranch -->
