<?xml version="1.0" encoding="UTF-8"?>
<!-- Generated by org.testng.reporters.JUnitReportReporter -->
<testsuite skipped="0" hostname="ATW-7005" name="com.altius.automation.Logincredentials" tests="1" failures="0" timestamp="28 Feb 2019 05:43:51 GMT" time="0.016" errors="0">
  <testcase name="Transactions" time="0.016" classname="com.altius.automation.Logincredentials"/>
</testsuite> <!-- com.altius.automation.Logincredentials -->
