<?xml version="1.0" encoding="UTF-8"?>
<!-- Generated by org.testng.reporters.JUnitReportReporter -->
<testsuite skipped="0" hostname="ATW-7005" name="com.altius.automation.TestAutomation" tests="4" failures="0" timestamp="22 Feb 2019 15:04:26 GMT" time="31.910" errors="0">
  <testcase name="OnlyCorrectUNPW" time="12.456" classname="com.altius.automation.TestAutomation"/>
  <testcase name="itemcategory" time="8.478" classname="com.altius.automation.TestAutomation"/>
  <testcase name="Qty" time="3.615" classname="com.altius.automation.TestAutomation"/>
  <testcase name="itemadding" time="7.361" classname="com.altius.automation.TestAutomation"/>
</testsuite> <!-- com.altius.automation.TestAutomation -->
