<?xml version="1.0" encoding="UTF-8"?>
<!-- Generated by org.testng.reporters.JUnitReportReporter -->
<testsuite skipped="0" hostname="ATW-7005" name="com.altius.automation.Profitandloss" tests="2" failures="0" timestamp="13 Mar 2019 09:34:21 GMT" time="78.477" errors="0">
  <testcase name="paymenthover" time="19.999" classname="com.altius.automation.Profitandloss"/>
  <testcase name="profitandloss" time="58.478" classname="com.altius.automation.Profitandloss"/>
</testsuite> <!-- com.altius.automation.Profitandloss -->
