<?xml version="1.0" encoding="UTF-8"?>
<!-- Generated by org.testng.reporters.JUnitReportReporter -->
<testsuite skipped="0" hostname="ATW-7005" name="com.altius.automation.Decreeandcourtcostcredit" tests="2" failures="0" timestamp="08 Mar 2019 13:50:56 GMT" time="84.447" errors="0">
  <testcase name="paymenthover" time="17.875" classname="com.altius.automation.Decreeandcourtcostcredit"/>
  <testcase name="decreecostcredit" time="66.572" classname="com.altius.automation.Decreeandcourtcostcredit"/>
</testsuite> <!-- com.altius.automation.Decreeandcourtcostcredit -->
