<?xml version="1.0" encoding="UTF-8"?>
<!-- Generated by org.testng.reporters.JUnitReportReporter -->
<testsuite skipped="0" hostname="ATW-7005" name="com.altius.automation.Editemployee" tests="2" failures="0" timestamp="26 Feb 2019 09:11:22 GMT" time="12.050" errors="0">
  <testcase name="editemployee" time="11.617" classname="com.altius.automation.Editemployee"/>
  <testcase name="employeesearch" time="0.433" classname="com.altius.automation.Editemployee"/>
</testsuite> <!-- com.altius.automation.Editemployee -->
