<?xml version="1.0" encoding="UTF-8"?>
<!-- Generated by org.testng.reporters.JUnitReportReporter -->
<testsuite skipped="0" hostname="ATW-7005" name="com.altius.automation.Chequereceiptotherbranch" tests="3" failures="0" timestamp="07 Mar 2019 09:38:02 GMT" time="103.630" errors="0">
  <testcase name="Transactionshover" time="20.507" classname="com.altius.automation.Chequereceiptotherbranch"/>
  <testcase name="CRRinsert" time="15.679" classname="com.altius.automation.Chequereceiptotherbranch"/>
  <testcase name="transactions" time="67.444" classname="com.altius.automation.Chequereceiptotherbranch"/>
</testsuite> <!-- com.altius.automation.Chequereceiptotherbranch -->
