<?xml version="1.0" encoding="UTF-8"?>
<!-- Generated by org.testng.reporters.JUnitReportReporter -->
<testsuite skipped="0" hostname="ATW-7005" name="com.altius.automation.Chequereceiptcurrentbranch" tests="3" failures="0" timestamp="07 Mar 2019 06:36:06 GMT" time="95.809" errors="0">
  <testcase name="Transactionshover" time="20.181" classname="com.altius.automation.Chequereceiptcurrentbranch"/>
  <testcase name="CRRinsert" time="15.699" classname="com.altius.automation.Chequereceiptcurrentbranch"/>
  <testcase name="transactions" time="59.929" classname="com.altius.automation.Chequereceiptcurrentbranch"/>
</testsuite> <!-- com.altius.automation.Chequereceiptcurrentbranch -->
