<?xml version="1.0" encoding="UTF-8"?>
<!-- Generated by org.testng.reporters.JUnitReportReporter -->
<testsuite skipped="0" hostname="ATW-7005" name="com.altius.automation.Mealcourse" tests="2" failures="0" timestamp="25 Jan 2019 06:05:33 GMT" time="45.389" errors="0">
  <testcase name="mealcoursesinsert" time="35.310" classname="com.altius.automation.Mealcourse"/>
  <testcase name="mealcourseupdate" time="10.079" classname="com.altius.automation.Mealcourse"/>
</testsuite> <!-- com.altius.automation.Mealcourse -->
