<?xml version="1.0" encoding="UTF-8"?>
<!-- Generated by org.testng.reporters.JUnitReportReporter -->
<testsuite skipped="0" hostname="ATW-7005" name="com.altius.automation.Adjustmentvoucher" tests="2" failures="0" timestamp="09 Mar 2019 09:27:46 GMT" time="177.307" errors="0">
  <testcase name="paymenthover" time="40.561" classname="com.altius.automation.Adjustmentvoucher"/>
  <testcase name="adjustmentvoucher" time="136.746" classname="com.altius.automation.Adjustmentvoucher"/>
</testsuite> <!-- com.altius.automation.Adjustmentvoucher -->
