<?xml version="1.0" encoding="UTF-8"?>
<!-- Generated by org.testng.reporters.JUnitReportReporter -->
<testsuite skipped="0" hostname="ATW-7005" name="com.altius.automation.Addfdrandpsodetails" tests="2" failures="0" timestamp="12 Mar 2019 12:44:07 GMT" time="33.272" errors="0">
  <testcase name="groupadditionhover" time="6.097" classname="com.altius.automation.Addfdrandpsodetails"/>
  <testcase name="addfdrandpsodetails" time="27.175" classname="com.altius.automation.Addfdrandpsodetails"/>
</testsuite> <!-- com.altius.automation.Addfdrandpsodetails -->
