<?xml version="1.0" encoding="UTF-8"?>
<!-- Generated by org.testng.reporters.JUnitReportReporter -->
<testsuite skipped="0" hostname="ATW-7005" name="com.altius.automation.Agreementandauctiondetails" tests="2" failures="0" timestamp="11 Mar 2019 11:12:01 GMT" time="37.368" errors="0">
  <testcase name="groupadditionhover" time="7.253" classname="com.altius.automation.Agreementandauctiondetails"/>
  <testcase name="agreementauctiondetails" time="30.115" classname="com.altius.automation.Agreementandauctiondetails"/>
</testsuite> <!-- com.altius.automation.Agreementandauctiondetails -->
