<?xml version="1.0" encoding="UTF-8"?>
<!-- Generated by org.testng.reporters.JUnitReportReporter -->
<testsuite skipped="0" hostname="ATW-7005" name="com.altius.automation.Undovoucher" tests="2" failures="0" timestamp="09 Mar 2019 12:28:56 GMT" time="56.392" errors="0">
  <testcase name="mousehover" time="6.901" classname="com.altius.automation.Undovoucher"/>
  <testcase name="undovoucher" time="49.491" classname="com.altius.automation.Undovoucher"/>
</testsuite> <!-- com.altius.automation.Undovoucher -->
