<?xml version="1.0" encoding="UTF-8"?>
<!-- Generated by org.testng.reporters.JUnitReportReporter -->
<testsuite skipped="0" hostname="ATW-7005" name="com.altius.automation.Suggestfortransfer" tests="2" failures="0" timestamp="15 Mar 2019 09:00:26 GMT" time="81.376" errors="0">
  <testcase name="editauctionhover" time="15.087" classname="com.altius.automation.Suggestfortransfer"/>
  <testcase name="suggestfortransfer" time="66.289" classname="com.altius.automation.Suggestfortransfer"/>
</testsuite> <!-- com.altius.automation.Suggestfortransfer -->
