<?xml version="1.0" encoding="UTF-8"?>
<!-- Generated by org.testng.reporters.JUnitReportReporter -->
<testsuite skipped="0" hostname="ATW-7005" name="com.altius.automation.RCMdepositrelease" tests="2" failures="0" timestamp="08 Mar 2019 11:39:40 GMT" time="50.216" errors="0">
  <testcase name="paymenthover" time="6.214" classname="com.altius.automation.RCMdepositrelease"/>
  <testcase name="RCMdepositrelease" time="44.002" classname="com.altius.automation.RCMdepositrelease"/>
</testsuite> <!-- com.altius.automation.RCMdepositrelease -->
