<?xml version="1.0" encoding="UTF-8"?>
<!-- Generated by org.testng.reporters.JUnitReportReporter -->
<testsuite skipped="0" hostname="ATW-7005" name="com.altius.automation.Fixeddepositrelease" tests="2" failures="0" timestamp="08 Mar 2019 10:54:00 GMT" time="51.642" errors="0">
  <testcase name="paymenthover" time="6.008" classname="com.altius.automation.Fixeddepositrelease"/>
  <testcase name="FDrelease" time="45.634" classname="com.altius.automation.Fixeddepositrelease"/>
</testsuite> <!-- com.altius.automation.Fixeddepositrelease -->
