<?xml version="1.0" encoding="UTF-8"?>
<!-- Generated by org.testng.reporters.JUnitReportReporter -->
<testsuite skipped="0" hostname="ATW-7005" name="com.altius.automation.Advices" tests="2" failures="0" timestamp="12 Mar 2019 06:58:44 GMT" time="77.238" errors="0">
  <testcase name="groupadditionhover" time="8.928" classname="com.altius.automation.Advices"/>
  <testcase name="chitreport" time="68.310" classname="com.altius.automation.Advices"/>
</testsuite> <!-- com.altius.automation.Advices -->
