<?xml version="1.0" encoding="UTF-8"?>
<!-- Generated by org.testng.reporters.JUnitReportReporter -->
<testsuite skipped="0" hostname="ATW-7005" name="com.altius.automation.Chitgroupdetails" tests="2" failures="0" timestamp="11 Mar 2019 11:49:45 GMT" time="65.360" errors="0">
  <testcase name="groupadditionhover" time="5.822" classname="com.altius.automation.Chitgroupdetails"/>
  <testcase name="chitreport" time="59.538" classname="com.altius.automation.Chitgroupdetails"/>
</testsuite> <!-- com.altius.automation.Chitgroupdetails -->
