<?xml version="1.0" encoding="UTF-8"?>
<!-- Generated by org.testng.reporters.JUnitReportReporter -->
<testsuite skipped="0" hostname="ATW-7005" name="com.altius.automation.Loan" tests="2" failures="0" timestamp="12 Mar 2019 10:11:54 GMT" time="31.725" errors="0">
  <testcase name="paymenthover" time="6.918" classname="com.altius.automation.Loan"/>
  <testcase name="loan" time="24.807" classname="com.altius.automation.Loan"/>
</testsuite> <!-- com.altius.automation.Loan -->
