<?xml version="1.0" encoding="UTF-8"?>
<!-- Generated by org.testng.reporters.JUnitReportReporter -->
<testsuite skipped="0" hostname="ATW-7005" name="com.altius.automation.Foremanpayment" tests="2" failures="0" timestamp="07 Mar 2019 12:40:40 GMT" time="60.142" errors="0">
  <testcase name="paymenthover" time="4.725" classname="com.altius.automation.Foremanpayment"/>
  <testcase name="payment" time="55.417" classname="com.altius.automation.Foremanpayment"/>
</testsuite> <!-- com.altius.automation.Foremanpayment -->
