<?xml version="1.0" encoding="UTF-8"?>
<!-- Generated by org.testng.reporters.JUnitReportReporter -->
<testsuite skipped="0" hostname="ATW-7005" name="com.altius.automation.Chitgroupviewedit" tests="2" failures="0" timestamp="11 Mar 2019 11:42:18 GMT" time="13.836" errors="0">
  <testcase name="groupadditionhover" time="6.133" classname="com.altius.automation.Chitgroupviewedit"/>
  <testcase name="chitview" time="7.703" classname="com.altius.automation.Chitgroupviewedit"/>
</testsuite> <!-- com.altius.automation.Chitgroupviewedit -->
