<?xml version="1.0" encoding="UTF-8"?>
<!-- Generated by org.testng.reporters.JUnitReportReporter -->
<testsuite skipped="0" hostname="ATW-7005" name="com.altius.automation.Auctionfeed" tests="2" failures="0" timestamp="13 Mar 2019 11:01:47 GMT" time="49.584" errors="0">
  <testcase name="paymenthover" time="5.324" classname="com.altius.automation.Auctionfeed"/>
  <testcase name="auction" time="44.260" classname="com.altius.automation.Auctionfeed"/>
</testsuite> <!-- com.altius.automation.Auctionfeed -->
