<?xml version="1.0" encoding="UTF-8"?>
<!-- Generated by org.testng.reporters.JUnitReportReporter -->
<testsuite skipped="0" hostname="ATW-7005" name="com.altius.automation.Allergy" tests="2" failures="0" timestamp="24 Jan 2019 09:52:44 GMT" time="52.560" errors="0">
  <testcase name="allergyinsert" time="34.947" classname="com.altius.automation.Allergy"/>
  <testcase name="allergyupdate" time="17.613" classname="com.altius.automation.Allergy"/>
</testsuite> <!-- com.altius.automation.Allergy -->
